<?xml version="1.0" encoding="UTF-8"?>
<!-- Generated by org.testng.reporters.JUnitXMLReporter -->
<testsuite ignored="0" hostname="LAPTOP-RISHABH" failures="0" tests="3" name="Parallel Test" time="11.486" errors="0" timestamp="2022-04-27T22:54:52 IST">
  <testcase classname="myPackage.TestParallel" name="test_01" time="11.413"/>
  <testcase classname="myPackage.TestParallel" name="test_01" time="11.442"/>
  <testcase classname="myPackage.TestParallel" name="test_01" time="11.455"/>
</testsuite> <!-- Parallel Test -->
