<?xml version="1.0" encoding="UTF-8"?>
<testng-results ignored="0" total="1" passed="1" failed="0" skipped="0">
  <reporter-output>
  </reporter-output>
  <suite started-at="2022-06-05T12:22:31 IST" name="AntJenkinsTestSuite" finished-at="2022-06-05T12:22:46 IST" duration-ms="15271">
    <groups>
    </groups>
    <test started-at="2022-06-05T12:22:31 IST" name="My Test" finished-at="2022-06-05T12:22:46 IST" duration-ms="15271">
      <class name="myPackage.BaseClass">
        <test-method signature="beforemethod()[pri:0, instance:myPackage.BaseClass@49c7b90e]" started-at="2022-06-05T12:22:31 IST" name="beforemethod" finished-at="2022-06-05T12:22:46 IST" duration-ms="15229" status="PASS">
          <reporter-output>
          </reporter-output>
        </test-method> <!-- beforemethod -->
      </class> <!-- myPackage.BaseClass -->
    </test> <!-- My Test -->
  </suite> <!-- AntJenkinsTestSuite -->
</testng-results>
